<?xml version="1.0" encoding="UTF-8"?>
<!-- Generated by org.testng.reporters.JUnitReportReporter -->
<testsuite hostname="ADJ-Azuz-STRIX" failures="0" tests="1" name="testCase.TC_ApiCalls" time="3.107" errors="0" timestamp="2023-05-14T09:52:37 GST" skipped="0">
  <testcase classname="testCase.TC_ApiCalls" name="getCall" time="3.107"/>
  <system-out/>
</testsuite> <!-- testCase.TC_ApiCalls -->
