<?xml version="1.0" encoding="UTF-8"?>
<!-- Generated by org.testng.reporters.JUnitReportReporter -->
<testsuite hostname="ADJ-Azuz-STRIX" failures="0" tests="1" name="testCase.TC_ApiCalls" time="0.316" errors="1" timestamp="2023-05-14T12:13:12 GST" skipped="0">
  <testcase classname="testCase.TC_ApiCalls" name="postCall" time="0.316">
    <error message="Cannot deserialize value of type `pojo.DynamicResponsePriceData` from Array value (token `JsonToken.START_ARRAY`)
 at [Source: (String)&quot;{&quot;leg&quot;:[{&quot;originId&quot;:&quot;MCT&quot;,&quot;destinationId&quot;:&quot;DXB&quot;,&quot;departureFrom&quot;:&quot;2023-05-14&quot;,&quot;departureTo&quot;:&quot;2023-05-19&quot;},{&quot;originId&quot;:&quot;DXB&quot;,&quot;destinationId&quot;:&quot;MCT&quot;,&quot;departureFrom&quot;:&quot;2023-05-14&quot;,&quot;departureTo&quot;:&quot;2023-05-19&quot;}],&quot;cabin&quot;:&quot;Economy&quot;,&quot;pax&quot;:{&quot;adult&quot;:1,&quot;child&quot;:0,&quot;infant&quot;:0},&quot;stops&quot;:[],&quot;airline&quot;:[],&quot;timeSlots&quot;:{},&quot;airports&quot;:{}}&quot;; line: 1, column: 8] (through reference chain: java.util.LinkedHashMap[&quot;leg&quot;])" type="com.fasterxml.jackson.databind.exc.MismatchedInputException">
      <![CDATA[com.fasterxml.jackson.databind.exc.MismatchedInputException: Cannot deserialize value of type `pojo.DynamicResponsePriceData` from Array value (token `JsonToken.START_ARRAY`)
 at [Source: (String)"{"leg":[{"originId":"MCT","destinationId":"DXB","departureFrom":"2023-05-14","departureTo":"2023-05-19"},{"originId":"DXB","destinationId":"MCT","departureFrom":"2023-05-14","departureTo":"2023-05-19"}],"cabin":"Economy","pax":{"adult":1,"child":0,"infant":0},"stops":[],"airline":[],"timeSlots":{},"airports":{}}"; line: 1, column: 8] (through reference chain: java.util.LinkedHashMap["leg"])
at com.fasterxml.jackson.databind.exc.MismatchedInputException.from(MismatchedInputException.java:59)
at com.fasterxml.jackson.databind.DeserializationContext.reportInputMismatch(DeserializationContext.java:1746)
at com.fasterxml.jackson.databind.DeserializationContext.handleUnexpectedToken(DeserializationContext.java:1520)
at com.fasterxml.jackson.databind.DeserializationContext.handleUnexpectedToken(DeserializationContext.java:1467)
at com.fasterxml.jackson.databind.deser.BeanDeserializer._deserializeFromArray(BeanDeserializer.java:648)
at com.fasterxml.jackson.databind.deser.BeanDeserializer._deserializeOther(BeanDeserializer.java:211)
at com.fasterxml.jackson.databind.deser.BeanDeserializer.deserialize(BeanDeserializer.java:187)
at com.fasterxml.jackson.databind.deser.std.MapDeserializer._readAndBindStringKeyMap(MapDeserializer.java:623)
at com.fasterxml.jackson.databind.deser.std.MapDeserializer.deserialize(MapDeserializer.java:449)
at com.fasterxml.jackson.databind.deser.std.MapDeserializer.deserialize(MapDeserializer.java:32)
at com.fasterxml.jackson.databind.deser.DefaultDeserializationContext.readRootValue(DefaultDeserializationContext.java:323)
at com.fasterxml.jackson.databind.ObjectMapper._readMapAndClose(ObjectMapper.java:4730)
at com.fasterxml.jackson.databind.ObjectMapper.readValue(ObjectMapper.java:3677)
at com.fasterxml.jackson.databind.ObjectMapper.readValue(ObjectMapper.java:3660)
at testCase.TC_ApiCalls.postCall(TC_ApiCalls.java:94)
at java.base/jdk.internal.reflect.NativeMethodAccessorImpl.invoke0(Native Method)
at java.base/jdk.internal.reflect.NativeMethodAccessorImpl.invoke(NativeMethodAccessorImpl.java:77)
at java.base/jdk.internal.reflect.DelegatingMethodAccessorImpl.invoke(DelegatingMethodAccessorImpl.java:43)
at java.base/java.lang.reflect.Method.invoke(Method.java:568)
at org.testng.internal.MethodInvocationHelper.invokeMethod(MethodInvocationHelper.java:133)
at org.testng.internal.TestInvoker.invokeMethod(TestInvoker.java:598)
at org.testng.internal.TestInvoker.invokeTestMethod(TestInvoker.java:173)
at org.testng.internal.MethodRunner.runInSequence(MethodRunner.java:46)
at org.testng.internal.TestInvoker$MethodInvocationAgent.invoke(TestInvoker.java:824)
at org.testng.internal.TestInvoker.invokeTestMethods(TestInvoker.java:146)
at org.testng.internal.TestMethodWorker.invokeTestMethods(TestMethodWorker.java:146)
at org.testng.internal.TestMethodWorker.run(TestMethodWorker.java:128)
at java.base/java.util.ArrayList.forEach(ArrayList.java:1511)
at org.testng.TestRunner.privateRun(TestRunner.java:794)
at org.testng.TestRunner.run(TestRunner.java:596)
at org.testng.SuiteRunner.runTest(SuiteRunner.java:377)
at org.testng.SuiteRunner.runSequentially(SuiteRunner.java:371)
at org.testng.SuiteRunner.privateRun(SuiteRunner.java:332)
at org.testng.SuiteRunner.run(SuiteRunner.java:276)
at org.testng.SuiteRunnerWorker.runSuite(SuiteRunnerWorker.java:53)
at org.testng.SuiteRunnerWorker.run(SuiteRunnerWorker.java:96)
at org.testng.TestNG.runSuitesSequentially(TestNG.java:1212)
at org.testng.TestNG.runSuitesLocally(TestNG.java:1134)
at org.testng.TestNG.runSuites(TestNG.java:1063)
at org.testng.TestNG.run(TestNG.java:1031)
at org.testng.remote.AbstractRemoteTestNG.run(AbstractRemoteTestNG.java:115)
at org.testng.remote.RemoteTestNG.initAndRun(RemoteTestNG.java:251)
at org.testng.remote.RemoteTestNG.main(RemoteTestNG.java:77)
]]>
    </error>
  </testcase> <!-- postCall -->
  <system-out/>
</testsuite> <!-- testCase.TC_ApiCalls -->
