<?xml version="1.0" encoding="UTF-8"?>
<!-- Generated by org.testng.reporters.JUnitReportReporter -->
<testsuite hostname="ADJ-Azuz-STRIX" failures="0" tests="2" name="testCase.TC_ApiCalls" time="3.402" errors="0" timestamp="2023-05-15T00:48:21 GST" skipped="0">
  <testcase classname="testCase.TC_ApiCalls" name="postCall" time="0.482"/>
  <system-out/>
  <testcase classname="testCase.TC_ApiCalls" name="getCall" time="2.920"/>
  <system-out/>
</testsuite> <!-- testCase.TC_ApiCalls -->
